<?xml version="1.0" encoding="UTF-8"?>
<!-- Generated by org.testng.reporters.JUnitReportReporter -->
<testsuite hostname="DSB-PC" name="crossBrowserTesting.CBT" tests="3" failures="0" timestamp="26 Aug 2016 15:45:58 GMT" time="4.025" errors="0">
  <testcase name="verifyTitle" time="0.048" classname="crossBrowserTesting.CBT"/>
  <testcase name="verifyTitle" time="3.907" classname="crossBrowserTesting.CBT"/>
  <testcase name="verifyTitle" time="0.070" classname="crossBrowserTesting.CBT"/>
</testsuite> <!-- crossBrowserTesting.CBT -->
