<?xml version="1.0" encoding="UTF-8"?>
<!-- Generated by org.testng.reporters.JUnitReportReporter -->
<testsuite hostname="DSB-PC" name="testNGDemo.ScreenshotDemo" tests="1" failures="0" timestamp="30 Aug 2016 15:30:55 GMT" time="35.102" errors="0">
  <testcase name="bookTiket" time="35.102" classname="testNGDemo.ScreenshotDemo"/>
</testsuite> <!-- testNGDemo.ScreenshotDemo -->
