<?xml version="1.0" encoding="UTF-8"?>
<!-- Generated by org.testng.reporters.JUnitReportReporter -->
<testsuite hostname="DSB-PC" name="testNGDemo.AnnotationsDemo" tests="2" failures="0" timestamp="18 Aug 2016 15:44:22 GMT" time="0.014" errors="0">
  <testcase name="testCase2" time="0.004" classname="testNGDemo.AnnotationsDemo"/>
  <testcase name="testCase1" time="0.010" classname="testNGDemo.AnnotationsDemo"/>
</testsuite> <!-- testNGDemo.AnnotationsDemo -->
