<?xml version="1.0" encoding="UTF-8"?>
<!-- Generated by org.testng.reporters.JUnitReportReporter -->
<testsuite hostname="DSB-PC" name="testNGDemo.BeforeMethodDemo" tests="2" failures="0" timestamp="23 Aug 2016 15:21:32 GMT" time="7.304" errors="0">
  <testcase name="support" time="4.320" classname="testNGDemo.BeforeMethodDemo"/>
  <testcase name="register" time="2.984" classname="testNGDemo.BeforeMethodDemo"/>
</testsuite> <!-- testNGDemo.BeforeMethodDemo -->
