<?xml version="1.0" encoding="UTF-8"?>
<!-- Generated by org.testng.reporters.JUnitReportReporter -->
<testsuite hostname="DSB-PC" name="testNGDemo.VerifyTitle" tests="1" failures="0" timestamp="17 Aug 2016 15:55:29 GMT" time="0.104" errors="0">
  <testcase name="verifyTitle" time="0.104" classname="testNGDemo.VerifyTitle"/>
</testsuite> <!-- testNGDemo.VerifyTitle -->
